Arguments: 
  C:\Program Files\nodejs\node.exe C:\Users\Shreenithi\AppData\Roaming\npm\node_modules\yarn\bin\yarn.js add axios --ignore-engines

PATH: 
  C:\Program Files\ImageMagick-7.1.1-Q16-HDRI;C:\Program Files (x86)\Common Files\Oracle\Java\javapath;C:\Windows\system32;C:\Windows;C:\Windows\System32\Wbem;C:\Windows\System32\WindowsPowerShell\v1.0\;C:\Windows\System32\OpenSSH\;C:\Program Files (x86)\NVIDIA Corporation\PhysX\Common;C:\Program Files\NVIDIA Corporation\NVIDIA NvDLISR;C:\Program Files\dotnet\;C:\ProgramData\chocolatey\bin;C:\Program Files\MongoDB\Server\6.0\bin;C:\WINDOWS\system32;C:\WINDOWS;C:\WINDOWS\System32\Wbem;C:\WINDOWS\System32\WindowsPowerShell\v1.0\;C:\WINDOWS\System32\OpenSSH\;C:\Program Files\nodejs\;C:\MinGW\bin;C:\Program Files\Git\cmd;C:\Users\Shreenithi\AppData\Local\Programs\Python\Python39\Scripts\;C:\Users\Shreenithi\AppData\Local\Programs\Python\Python39\;C:\Program Files\MongoDB\Server\6.0\bin;C:\Users\Shreenithi\AppData\Local\Programs\Python\Python37;C:\Users\Shreenithi\AppData\Local\Programs\Python\Python37\Scripts;C:\Users\Shreenithi\AppData\Local\Microsoft\WindowsApps;C:\Users\Shreenithi\AppData\Roaming\npm;";C:\Program Files(x86)\Graphviz2.38\bin";C:\Users\Shreenithi\AppData\Local\Programs\Microsoft VS Code\bin;C:\Program Files\ImageMagick-7.1.1-Q16-HDRI;C:\Users\Shreenithi\AppData\Local\GitHubDesktop\bin

Yarn version: 
  1.22.19

Node version: 
  18.15.0

Platform: 
  win32 x64

Trace: 
  Error: EPERM: operation not permitted, unlink 'C:\Users\Shreenithi\Desktop\-\Appa\client\node_modules\@esbuild\win32-x64\esbuild.exe'

npm manifest: 
  {
    "name": "client",
    "private": true,
    "version": "0.0.0",
    "type": "module",
    "scripts": {
      "dev": "vite",
      "build": "vite build",
      "preview": "vite preview"
    },
    "dependencies": {
      "autoprefixer": "^10.4.13",
      "axios": "^1.2.2",
      "date-fns": "^2.29.3",
      "postcss": "^8.4.21",
      "react": "^18.2.0",
      "react-dom": "^18.2.0",
      "react-router-dom": "^6.6.2",
      "tailwindcss": "^3.2.4"
    },
    "devDependencies": {
      "@types/react": "^18.0.26",
      "@types/react-dom": "^18.0.9",
      "@vitejs/plugin-react": "^3.0.0",
      "vite": "^4.0.0"
    }
  }

yarn manifest: 
  No manifest

Lockfile: 
  No lockfile
